build/app/intermediates/manifest_merge_blame_file/debug/manifest-merger-blame-debug-report.txt
1<?xml version="1.0" encoding="utf-8"?>
2<manifest xmlns:android="http://schemas.android.com/apk/res/android"
3    package="com.amjad.valguide3.valguide3"
4    android:versionCode="1"
5    android:versionName="1.0.0" >
6
7    <uses-sdk
8        android:minSdkVersion="19"
9        android:targetSdkVersion="32" />
10    <!--
11         The INTERNET permission is required for development. Specifically,
12         the Flutter tool needs it to communicate with the running application
13         to allow setting breakpoints, to provide hot reload, etc.
14    -->
15    <uses-permission android:name="android.permission.INTERNET" />
15-->src\debug\AndroidManifest.xml:7:5-66
15-->src\debug\AndroidManifest.xml:7:22-64
16    <uses-permission android:name="android.permission.ACCESS_NETWORK_STATE" />
16-->src\main\AndroidManifest.xml:3:6-80
16-->src\main\AndroidManifest.xml:3:23-77
17
18    <application
19        android:name="android.app.Application"
20        android:appComponentFactory="androidx.core.app.CoreComponentFactory"
20-->[androidx.core:core:1.6.0] AndroidManifest.xml:24:18-86
21        android:debuggable="true"
22        android:icon="@mipmap/ic_launcher"
23        android:label="valguide3" >
24        <activity
25            android:name="com.amjad.valguide3.valguide3.MainActivity"
26            android:configChanges="orientation|keyboardHidden|keyboard|screenSize|smallestScreenSize|locale|layoutDirection|fontScale|screenLayout|density|uiMode"
27            android:exported="true"
28            android:hardwareAccelerated="true"
29            android:launchMode="singleTop"
30            android:theme="@style/LaunchTheme"
31            android:windowSoftInputMode="adjustResize" >
32
33            <!--
34                 Specifies an Android theme to apply to this Activity as soon as
35                 the Android process has started. This theme is visible to the user
36                 while the Flutter UI initializes. After that, this theme continues
37                 to determine the Window background behind the Flutter UI.
38            -->
39            <meta-data
40                android:name="io.flutter.embedding.android.NormalTheme"
41                android:resource="@style/NormalTheme" />
42
43            <intent-filter>
44                <action android:name="android.intent.action.MAIN" />
45
46                <category android:name="android.intent.category.LAUNCHER" />
47            </intent-filter>
48        </activity>
49        <!--
50             Don't delete the meta-data below.
51             This is used by the Flutter tool to generate GeneratedPluginRegistrant.java
52        -->
53        <meta-data
54            android:name="flutterEmbedding"
55            android:value="2" />
56
57        <service
57-->[:firebase_auth] AndroidManifest.xml:10:9-14:19
58            android:name="com.google.firebase.components.ComponentDiscoveryService"
58-->[:firebase_auth] AndroidManifest.xml:10:18-89
59            android:directBootAware="true"
59-->[com.google.firebase:firebase-common:20.2.0] AndroidManifest.xml:34:13-43
60            android:exported="false" >
60-->[com.google.firebase:firebase-auth:21.1.0] AndroidManifest.xml:66:13-37
61            <meta-data
61-->[:firebase_auth] AndroidManifest.xml:11:13-13:85
62                android:name="com.google.firebase.components:io.flutter.plugins.firebase.auth.FlutterFirebaseAuthRegistrar"
62-->[:firebase_auth] AndroidManifest.xml:12:17-124
63                android:value="com.google.firebase.components.ComponentRegistrar" />
63-->[:firebase_auth] AndroidManifest.xml:13:17-82
64            <meta-data
64-->[:cloud_firestore] AndroidManifest.xml:11:13-13:85
65                android:name="com.google.firebase.components:io.flutter.plugins.firebase.firestore.FlutterFirebaseFirestoreRegistrar"
65-->[:cloud_firestore] AndroidManifest.xml:12:17-134
66                android:value="com.google.firebase.components.ComponentRegistrar" />
66-->[:cloud_firestore] AndroidManifest.xml:13:17-82
67            <meta-data
67-->[:firebase_core] AndroidManifest.xml:11:13-13:85
68                android:name="com.google.firebase.components:io.flutter.plugins.firebase.core.FlutterFirebaseCoreRegistrar"
68-->[:firebase_core] AndroidManifest.xml:12:17-124
69                android:value="com.google.firebase.components.ComponentRegistrar" />
69-->[:firebase_core] AndroidManifest.xml:13:17-82
70            <meta-data
70-->[com.google.firebase:firebase-auth:21.1.0] AndroidManifest.xml:67:13-69:85
71                android:name="com.google.firebase.components:com.google.firebase.auth.FirebaseAuthRegistrar"
71-->[com.google.firebase:firebase-auth:21.1.0] AndroidManifest.xml:68:17-109
72                android:value="com.google.firebase.components.ComponentRegistrar" />
72-->[com.google.firebase:firebase-auth:21.1.0] AndroidManifest.xml:69:17-82
73            <meta-data
73-->[com.google.firebase:firebase-firestore:24.4.0] AndroidManifest.xml:19:13-21:85
74                android:name="com.google.firebase.components:com.google.firebase.firestore.FirestoreRegistrar"
74-->[com.google.firebase:firebase-firestore:24.4.0] AndroidManifest.xml:20:17-111
75                android:value="com.google.firebase.components.ComponentRegistrar" />
75-->[com.google.firebase:firebase-firestore:24.4.0] AndroidManifest.xml:21:17-82
76        </service>
77
78        <activity
78-->[:url_launcher_android] AndroidManifest.xml:10:9-13:74
79            android:name="io.flutter.plugins.urllauncher.WebViewActivity"
79-->[:url_launcher_android] AndroidManifest.xml:11:13-74
80            android:exported="false"
80-->[:url_launcher_android] AndroidManifest.xml:12:13-37
81            android:theme="@android:style/Theme.NoTitleBar.Fullscreen" />
81-->[:url_launcher_android] AndroidManifest.xml:13:13-71
82
83        <uses-library
83-->[androidx.window:window:1.0.0-beta04] AndroidManifest.xml:25:9-27:40
84            android:name="androidx.window.extensions"
84-->[androidx.window:window:1.0.0-beta04] AndroidManifest.xml:26:13-54
85            android:required="false" />
85-->[androidx.window:window:1.0.0-beta04] AndroidManifest.xml:27:13-37
86        <uses-library
86-->[androidx.window:window:1.0.0-beta04] AndroidManifest.xml:28:9-30:40
87            android:name="androidx.window.sidecar"
87-->[androidx.window:window:1.0.0-beta04] AndroidManifest.xml:29:13-51
88            android:required="false" />
88-->[androidx.window:window:1.0.0-beta04] AndroidManifest.xml:30:13-37
89
90        <activity
90-->[com.google.firebase:firebase-auth:21.1.0] AndroidManifest.xml:27:9-44:20
91            android:name="com.google.firebase.auth.internal.GenericIdpActivity"
91-->[com.google.firebase:firebase-auth:21.1.0] AndroidManifest.xml:28:13-80
92            android:excludeFromRecents="true"
92-->[com.google.firebase:firebase-auth:21.1.0] AndroidManifest.xml:29:13-46
93            android:exported="true"
93-->[com.google.firebase:firebase-auth:21.1.0] AndroidManifest.xml:30:13-36
94            android:launchMode="singleTask"
94-->[com.google.firebase:firebase-auth:21.1.0] AndroidManifest.xml:31:13-44
95            android:theme="@android:style/Theme.Translucent.NoTitleBar" >
95-->[com.google.firebase:firebase-auth:21.1.0] AndroidManifest.xml:32:13-72
96            <intent-filter>
96-->[com.google.firebase:firebase-auth:21.1.0] AndroidManifest.xml:33:13-43:29
97                <action android:name="android.intent.action.VIEW" />
97-->[com.google.firebase:firebase-auth:21.1.0] AndroidManifest.xml:34:17-69
97-->[com.google.firebase:firebase-auth:21.1.0] AndroidManifest.xml:34:25-66
98
99                <category android:name="android.intent.category.DEFAULT" />
99-->[com.google.firebase:firebase-auth:21.1.0] AndroidManifest.xml:36:17-76
99-->[com.google.firebase:firebase-auth:21.1.0] AndroidManifest.xml:36:27-73
100                <category android:name="android.intent.category.BROWSABLE" />
100-->[com.google.firebase:firebase-auth:21.1.0] AndroidManifest.xml:37:17-78
100-->[com.google.firebase:firebase-auth:21.1.0] AndroidManifest.xml:37:27-75
101
102                <data
102-->[com.google.firebase:firebase-auth:21.1.0] AndroidManifest.xml:39:17-42:51
103                    android:host="firebase.auth"
103-->[com.google.firebase:firebase-auth:21.1.0] AndroidManifest.xml:40:21-49
104                    android:path="/"
104-->[com.google.firebase:firebase-auth:21.1.0] AndroidManifest.xml:41:21-37
105                    android:scheme="genericidp" />
105-->[com.google.firebase:firebase-auth:21.1.0] AndroidManifest.xml:42:21-48
106            </intent-filter>
107        </activity>
108        <activity
108-->[com.google.firebase:firebase-auth:21.1.0] AndroidManifest.xml:45:9-62:20
109            android:name="com.google.firebase.auth.internal.RecaptchaActivity"
109-->[com.google.firebase:firebase-auth:21.1.0] AndroidManifest.xml:46:13-79
110            android:excludeFromRecents="true"
110-->[com.google.firebase:firebase-auth:21.1.0] AndroidManifest.xml:47:13-46
111            android:exported="true"
111-->[com.google.firebase:firebase-auth:21.1.0] AndroidManifest.xml:48:13-36
112            android:launchMode="singleTask"
112-->[com.google.firebase:firebase-auth:21.1.0] AndroidManifest.xml:49:13-44
113            android:theme="@android:style/Theme.Translucent.NoTitleBar" >
113-->[com.google.firebase:firebase-auth:21.1.0] AndroidManifest.xml:50:13-72
114            <intent-filter>
114-->[com.google.firebase:firebase-auth:21.1.0] AndroidManifest.xml:51:13-61:29
115                <action android:name="android.intent.action.VIEW" />
115-->[com.google.firebase:firebase-auth:21.1.0] AndroidManifest.xml:34:17-69
115-->[com.google.firebase:firebase-auth:21.1.0] AndroidManifest.xml:34:25-66
116
117                <category android:name="android.intent.category.DEFAULT" />
117-->[com.google.firebase:firebase-auth:21.1.0] AndroidManifest.xml:36:17-76
117-->[com.google.firebase:firebase-auth:21.1.0] AndroidManifest.xml:36:27-73
118                <category android:name="android.intent.category.BROWSABLE" />
118-->[com.google.firebase:firebase-auth:21.1.0] AndroidManifest.xml:37:17-78
118-->[com.google.firebase:firebase-auth:21.1.0] AndroidManifest.xml:37:27-75
119
120                <data
120-->[com.google.firebase:firebase-auth:21.1.0] AndroidManifest.xml:39:17-42:51
121                    android:host="firebase.auth"
121-->[com.google.firebase:firebase-auth:21.1.0] AndroidManifest.xml:40:21-49
122                    android:path="/"
122-->[com.google.firebase:firebase-auth:21.1.0] AndroidManifest.xml:41:21-37
123                    android:scheme="recaptcha" />
123-->[com.google.firebase:firebase-auth:21.1.0] AndroidManifest.xml:42:21-48
124            </intent-filter>
125        </activity>
126
127        <provider
127-->[com.google.firebase:firebase-common:20.2.0] AndroidManifest.xml:25:9-30:39
128            android:name="com.google.firebase.provider.FirebaseInitProvider"
128-->[com.google.firebase:firebase-common:20.2.0] AndroidManifest.xml:26:13-77
129            android:authorities="com.amjad.valguide3.valguide3.firebaseinitprovider"
129-->[com.google.firebase:firebase-common:20.2.0] AndroidManifest.xml:27:13-72
130            android:directBootAware="true"
130-->[com.google.firebase:firebase-common:20.2.0] AndroidManifest.xml:28:13-43
131            android:exported="false"
131-->[com.google.firebase:firebase-common:20.2.0] AndroidManifest.xml:29:13-37
132            android:initOrder="100" />
132-->[com.google.firebase:firebase-common:20.2.0] AndroidManifest.xml:30:13-36
133
134        <activity
134-->[com.google.android.gms:play-services-auth:20.0.1] AndroidManifest.xml:23:9-27:75
135            android:name="com.google.android.gms.auth.api.signin.internal.SignInHubActivity"
135-->[com.google.android.gms:play-services-auth:20.0.1] AndroidManifest.xml:24:13-93
136            android:excludeFromRecents="true"
136-->[com.google.android.gms:play-services-auth:20.0.1] AndroidManifest.xml:25:13-46
137            android:exported="false"
137-->[com.google.android.gms:play-services-auth:20.0.1] AndroidManifest.xml:26:13-37
138            android:theme="@android:style/Theme.Translucent.NoTitleBar" />
138-->[com.google.android.gms:play-services-auth:20.0.1] AndroidManifest.xml:27:13-72
139        <!--
140            Service handling Google Sign-In user revocation. For apps that do not integrate with
141            Google Sign-In, this service will never be started.
142        -->
143        <service
143-->[com.google.android.gms:play-services-auth:20.0.1] AndroidManifest.xml:33:9-37:51
144            android:name="com.google.android.gms.auth.api.signin.RevocationBoundService"
144-->[com.google.android.gms:play-services-auth:20.0.1] AndroidManifest.xml:34:13-89
145            android:exported="true"
145-->[com.google.android.gms:play-services-auth:20.0.1] AndroidManifest.xml:35:13-36
146            android:permission="com.google.android.gms.auth.api.signin.permission.REVOCATION_NOTIFICATION"
146-->[com.google.android.gms:play-services-auth:20.0.1] AndroidManifest.xml:36:13-107
147            android:visibleToInstantApps="true" />
147-->[com.google.android.gms:play-services-auth:20.0.1] AndroidManifest.xml:37:13-48
148
149        <activity
149-->[com.google.android.gms:play-services-base:18.0.1] AndroidManifest.xml:20:9-22:45
150            android:name="com.google.android.gms.common.api.GoogleApiActivity"
150-->[com.google.android.gms:play-services-base:18.0.1] AndroidManifest.xml:20:19-85
151            android:exported="false"
151-->[com.google.android.gms:play-services-base:18.0.1] AndroidManifest.xml:22:19-43
152            android:theme="@android:style/Theme.Translucent.NoTitleBar" />
152-->[com.google.android.gms:play-services-base:18.0.1] AndroidManifest.xml:21:19-78
153
154        <meta-data
154-->[com.google.android.gms:play-services-basement:18.1.0] AndroidManifest.xml:21:9-23:69
155            android:name="com.google.android.gms.version"
155-->[com.google.android.gms:play-services-basement:18.1.0] AndroidManifest.xml:22:13-58
156            android:value="@integer/google_play_services_version" />
156-->[com.google.android.gms:play-services-basement:18.1.0] AndroidManifest.xml:23:13-66
157    </application>
158
159</manifest>